{
  "RSpec": {
    "coverage": {
      "/Users/thomashayes/turing/m1/projects/enigma/lib/enigma.rb": {
        "lines": [
          1,
          1,
          null,
          null,
          1,
          3,
          3,
          3,
          null,
          null,
          3,
          3,
          3,
          3,
          null,
          null,
          null,
          null,
          null,
          1,
          null,
          null,
          null,
          null,
          1,
          0,
          0,
          0,
          0,
          0,
          0,
          null,
          null,
          1,
          0,
          0,
          0,
          0,
          0,
          0,
          0,
          0,
          null,
          null
        ]
      }
    },
    "timestamp": 1659745737
  }
}
